<?xml version="1.0" encoding="UTF-8"?>
<!-- Generated by org.testng.reporters.JUnitReportReporter -->
<testsuite skipped="0" hostname="DESKTOP-AKE1DS6" name="testpackage.AmazonCart" tests="5" failures="0" timestamp="22 Nov 2022 15:27:33 GMT" time="184.623" errors="0">
  <testcase name="verfyTitle" time="5.592" classname="testpackage.AmazonCart"/>
  <testcase name="search" time="33.662" classname="testpackage.AmazonCart"/>
  <testcase name="firstelement" time="71.108" classname="testpackage.AmazonCart"/>
  <testcase name="anotherelement" time="65.067" classname="testpackage.AmazonCart"/>
  <testcase name="verifycart" time="9.194" classname="testpackage.AmazonCart"/>
</testsuite> <!-- testpackage.AmazonCart -->
