<?xml version="1.0" encoding="UTF-8"?>
<!-- Generated by org.testng.reporters.JUnitReportReporter -->
<testsuite skipped="0" hostname="DESKTOP-AKE1DS6" name="testpackage.AddToCart" tests="1" failures="0" timestamp="22 Nov 2022 14:07:11 GMT" time="0.016" errors="0">
  <testcase name="verfyTitle" time="0.016" classname="testpackage.AddToCart"/>
</testsuite> <!-- testpackage.AddToCart -->
